<?xml version="1.0" encoding="UTF-8"?>
<!-- Generated by org.testng.reporters.JUnitReportReporter -->
<testsuite hostname="Chitty26" failures="0" tests="2" name="TestNG.Exp_Testng2" time="0.006" errors="0" timestamp="9 Jun 2023 07:37:55 GMT">
  <testcase classname="TestNG.Exp_Testng2" name="addemp" time="0.001"/>
  <testcase classname="TestNG.Exp_Testng2" name="delemp" time="0.005"/>
</testsuite> <!-- TestNG.Exp_Testng2 -->
