<?xml version="1.0" encoding="UTF-8"?>
<!-- Generated by org.testng.reporters.JUnitReportReporter -->
<testsuite hostname="Chitty26" failures="0" tests="2" name="TestngExamples.Exp_Testng3" time="0.017" errors="0" timestamp="9 Jun 2023 17:00:45 GMT">
  <testcase classname="TestngExamples.Exp_Testng3" name="delemp" time="0.006"/>
  <testcase classname="TestngExamples.Exp_Testng3" name="addemp" time="0.011"/>
</testsuite> <!-- TestngExamples.Exp_Testng3 -->
