<?xml version="1.0" encoding="UTF-8"?>
<!-- Generated by org.testng.reporters.JUnitReportReporter -->
<testsuite hostname="Chitty26" failures="0" tests="2" name="TestngExamples.Exp_Testng2" time="0.005" errors="0" timestamp="14 Jun 2023 13:42:02 GMT">
  <testcase classname="TestngExamples.Exp_Testng2" name="addemp" time="0.001"/>
  <testcase classname="TestngExamples.Exp_Testng2" name="delemp" time="0.004"/>
</testsuite> <!-- TestngExamples.Exp_Testng2 -->
