<?xml version="1.0" encoding="UTF-8"?>
<!-- Generated by org.testng.reporters.JUnitReportReporter -->
<testsuite hostname="Chitty26" failures="0" tests="2" name="TestNG.Exp_Testng3" time="0.014" errors="0" timestamp="9 Jun 2023 07:39:37 GMT">
  <testcase classname="TestNG.Exp_Testng3" name="delemp" time="0.013"/>
  <testcase classname="TestNG.Exp_Testng3" name="addemp" time="0.001"/>
</testsuite> <!-- TestNG.Exp_Testng3 -->
