<?xml version="1.0" encoding="UTF-8"?>
<!-- Generated by org.testng.reporters.JUnitReportReporter -->
<testsuite hostname="Chitty26" failures="0" tests="2" name="TestngExamples.Exp_Testng" time="0.016" errors="0" timestamp="10 Jun 2023 06:09:21 GMT">
  <testcase classname="TestngExamples.Exp_Testng" name="logout" time="0.002"/>
  <testcase classname="TestngExamples.Exp_Testng" name="login" time="0.014"/>
</testsuite> <!-- TestngExamples.Exp_Testng -->
