<?xml version="1.0" encoding="UTF-8"?>
<!-- Generated by org.testng.reporters.JUnitReportReporter -->
<testsuite hostname="Chitty26" failures="0" tests="2" name="TestNG.Exp_Testng" time="0.008" errors="0" timestamp="9 Jun 2023 06:41:58 GMT">
  <testcase classname="TestNG.Exp_Testng" name="login" time="0.007"/>
  <testcase classname="TestNG.Exp_Testng" name="logout" time="0.001"/>
</testsuite> <!-- TestNG.Exp_Testng -->
