<?xml version="1.0" encoding="UTF-8"?>
<!-- Generated by org.testng.reporters.JUnitReportReporter -->
<testsuite hostname="Chitty26" failures="0" tests="2" name="TestngExamples.Exp_Testng1" time="0.011" errors="0" timestamp="9 Jun 2023 16:56:16 GMT">
  <testcase classname="TestngExamples.Exp_Testng1" name="delemp" time="0.002"/>
  <testcase classname="TestngExamples.Exp_Testng1" name="addemp" time="0.009"/>
</testsuite> <!-- TestngExamples.Exp_Testng1 -->
