<?xml version="1.0" encoding="UTF-8"?>
<!-- Generated by org.testng.reporters.JUnitReportReporter -->
<testsuite hostname="Chitty26" failures="0" tests="2" name="TestNG.Exp_Testng1" time="0.003" errors="0" timestamp="9 Jun 2023 06:42:39 GMT">
  <testcase classname="TestNG.Exp_Testng1" name="delemp" time="0.000"/>
  <testcase classname="TestNG.Exp_Testng1" name="addemp" time="0.003"/>
</testsuite> <!-- TestNG.Exp_Testng1 -->
