<?xml version="1.0" encoding="UTF-8"?>
<!-- Generated by org.testng.reporters.JUnitReportReporter -->
<testsuite hostname="Chitty26" failures="0" tests="1" name="TestngExamples.Exp_WD_Testng" time="9.419" errors="0" timestamp="10 Jun 2023 06:14:31 GMT">
  <testcase classname="TestngExamples.Exp_WD_Testng" name="tc001" time="9.419"/>
</testsuite> <!-- TestngExamples.Exp_WD_Testng -->
