<?xml version="1.0" encoding="UTF-8"?>
<!-- Generated by org.testng.reporters.JUnitReportReporter -->
<testsuite hostname="Chitty26" failures="0" tests="1" name="TestngExamples.Exp_WD_Testng1" time="8.473" errors="0" timestamp="14 Jun 2023 13:48:55 GMT">
  <testcase classname="TestngExamples.Exp_WD_Testng1" name="tc001" time="8.473"/>
</testsuite> <!-- TestngExamples.Exp_WD_Testng1 -->
