<?xml version="1.0" encoding="UTF-8"?>
<!-- Generated by org.testng.reporters.JUnitReportReporter -->
<testsuite hostname="Chitty26" failures="0" tests="1" name="TestNG.Exp_WD_Testng" time="4.380" errors="0" timestamp="9 Jun 2023 07:42:05 GMT">
  <testcase classname="TestNG.Exp_WD_Testng" name="tc001" time="4.380"/>
</testsuite> <!-- TestNG.Exp_WD_Testng -->
